23.01.2020 20:33:42
Exporting database jladb01 schema blog_040000

Export: Release 18.0.0.0.0 - Production on Thu Jan 23 20:33:42 2020
Version 18.5.0.0.0

Copyright (c) 1982, 2018, Oracle and/or its affiliates.  All rights reserved.

Connected to: Oracle Database 18c Enterprise Edition Release 18.0.0.0.0 - Production
23-JAN-20 18:33:51.022: Starting "ADMIN"."SYS_EXPORT_SCHEMA_01":  admin/********@jladb01_low logtime=all directory=data_pump_dir schemas=blog_040000 dumpfile=20200123_jladb01_blog_040000 logfile=20200123_jladb01_blog_040000 
23-JAN-20 18:33:59.599: Processing object type SCHEMA_EXPORT/TABLE/TABLE_DATA
23-JAN-20 18:34:00.839: Processing object type SCHEMA_EXPORT/PACKAGE/PACKAGE_BODY
23-JAN-20 18:34:02.823: Processing object type SCHEMA_EXPORT/TABLE/INDEX/STATISTICS/INDEX_STATISTICS
23-JAN-20 18:34:03.996: Processing object type SCHEMA_EXPORT/TABLE/INDEX/STATISTICS/FUNCTIONAL_INDEX/INDEX_STATISTICS
23-JAN-20 18:34:06.205: Processing object type SCHEMA_EXPORT/TABLE/STATISTICS/TABLE_STATISTICS
23-JAN-20 18:34:15.882: Processing object type SCHEMA_EXPORT/STATISTICS/MARKER
23-JAN-20 18:34:17.357: Processing object type SCHEMA_EXPORT/USER
23-JAN-20 18:34:18.420: Processing object type SCHEMA_EXPORT/SYSTEM_GRANT
23-JAN-20 18:34:20.520: Processing object type SCHEMA_EXPORT/DEFAULT_ROLE
23-JAN-20 18:34:22.661: Processing object type SCHEMA_EXPORT/TABLESPACE_QUOTA
23-JAN-20 18:34:23.740: Processing object type SCHEMA_EXPORT/PASSWORD_HISTORY
23-JAN-20 18:34:25.155: Processing object type SCHEMA_EXPORT/PRE_SCHEMA/PROCACT_SCHEMA
23-JAN-20 18:34:38.000: Processing object type SCHEMA_EXPORT/TYPE/TYPE_SPEC
23-JAN-20 18:34:43.184: Processing object type SCHEMA_EXPORT/SEQUENCE/SEQUENCE
23-JAN-20 18:34:56.902: Processing object type SCHEMA_EXPORT/TABLE/TABLE
23-JAN-20 18:35:25.613: Processing object type SCHEMA_EXPORT/PACKAGE/PACKAGE_SPEC
23-JAN-20 18:35:44.796: Processing object type SCHEMA_EXPORT/PACKAGE/COMPILE_PACKAGE/PACKAGE_SPEC/ALTER_PACKAGE_SPEC
23-JAN-20 18:35:49.900: Processing object type SCHEMA_EXPORT/VIEW/VIEW
23-JAN-20 18:36:03.384: Processing object type SCHEMA_EXPORT/TABLE/INDEX/INDEX
23-JAN-20 18:36:04.928: Processing object type SCHEMA_EXPORT/TABLE/INDEX/FUNCTIONAL_INDEX/INDEX
23-JAN-20 18:36:07.250: Processing object type SCHEMA_EXPORT/TABLE/CONSTRAINT/CONSTRAINT
23-JAN-20 18:36:35.092: Processing object type SCHEMA_EXPORT/TABLE/CONSTRAINT/REF_CONSTRAINT
23-JAN-20 18:36:37.214: Processing object type SCHEMA_EXPORT/TABLE/TRIGGER
23-JAN-20 18:36:47.839: Processing object type SCHEMA_EXPORT/TABLE/INDEX/DOMAIN_INDEX/INDEX
23-JAN-20 18:37:01.172: Processing object type SCHEMA_EXPORT/MATERIALIZED_VIEW
23-JAN-20 18:37:26.544: Processing object type SCHEMA_EXPORT/POST_SCHEMA/PROCOBJ
23-JAN-20 18:37:30.529: Processing object type SCHEMA_EXPORT/POST_SCHEMA/PROCACT_SCHEMA
23-JAN-20 18:37:33.144: . . exported "BLOG_040000"."BLOG_COMMENTS"               567.2 KB    1412 rows
23-JAN-20 18:37:33.318: . . exported "BLOG_040000"."BLOG_POSTS"                  585.9 KB      93 rows
23-JAN-20 18:37:34.055: . . exported "BLOG_040000"."BLOG_FILES"                  3.598 MB      78 rows
23-JAN-20 18:37:34.138: . . exported "BLOG_040000"."BLOG_READERS"                39.07 KB     315 rows
23-JAN-20 18:37:34.217: . . exported "BLOG_040000"."BLOG_LINKS"                  17.37 KB      32 rows
23-JAN-20 18:37:34.288: . . exported "BLOG_040000"."BLOG_POST_TAGS"              14.94 KB      77 rows
23-JAN-20 18:37:34.361: . . exported "BLOG_040000"."BLOG_BLOGGERS"               12.86 KB       1 rows
23-JAN-20 18:37:34.435: . . exported "BLOG_040000"."BLOG_SETTINGS"               12.53 KB      10 rows
23-JAN-20 18:37:34.521: . . exported "BLOG_040000"."BLOG_TAGS"                   11.07 KB      37 rows
23-JAN-20 18:37:34.596: . . exported "BLOG_040000"."BLOG_CATEGORIES"             10.32 KB      10 rows
23-JAN-20 18:37:34.673: . . exported "BLOG_040000"."BLOG_LINK_GROUPS"            9.789 KB       3 rows
23-JAN-20 18:37:34.743: . . exported "BLOG_040000"."BLOG_ITEMS_INIT"             6.445 KB      12 rows
23-JAN-20 18:37:34.753: . . exported "BLOG_040000"."BLOG_POST_PREVIEW"               0 KB       0 rows
23-JAN-20 18:37:38.716: ORA-39173: Encrypted data has been stored unencrypted in dump file set.
23-JAN-20 18:37:41.130: Master table "ADMIN"."SYS_EXPORT_SCHEMA_01" successfully loaded/unloaded
23-JAN-20 18:37:42.168: ******************************************************************************
23-JAN-20 18:37:42.169: Dump file set for ADMIN.SYS_EXPORT_SCHEMA_01 is:
23-JAN-20 18:37:42.171:   /u03/dbfs/95F51C5EE61BF41EE0535A18000A3E35/data/dpdump/20200123_jladb01_blog_040000.dmp
23-JAN-20 18:37:42.658: Job "ADMIN"."SYS_EXPORT_SCHEMA_01" successfully completed at Thu Jan 23 18:37:42 2020 elapsed 0 00:03:57


SQLcl: Release 19.4 Production on Thu Jan 23 20:37:46 2020

Copyright (c) 1982, 2020, Oracle.  All rights reserved.


Connected.

PL/SQL procedure successfully completed.


Disconnected from Oracle Database 18c Enterprise Edition Release 18.0.0.0.0 - Production
Version 18.4.0.0.0
{
  "data": [
    {
      "md5": "Vg/GYOfo58sz88oWCa0RPA==",
      "name": "20200123_jladb01_blog_040000.dmp",
      "size": 6627328,
      "time-created": "2020-01-23T18:37:52.301000+00:00"
    },
    {
      "md5": "WSVFE8GNw6nZiWYj3himww==",
      "name": "20200123_jladb01_blog_040000.log",
      "size": 4717,
      "time-created": "2020-01-23T18:37:52.177000+00:00"
    }
  ],
  "prefixes": []
}
Downloaded item
{
  "download-failures": {},
  "skipped-objects": []
}
Deleted 20200123_jladb01_blog_040000.dmp
Deleted 20200123_jladb01_blog_040000.log
{
  "delete-failures": {},
  "deleted-objects": [
    "20200123_jladb01_blog_040000.dmp",
    "20200123_jladb01_blog_040000.log"
  ]
}
